[0/1] Running tests...
Test project /usr/oppai/library/libical-3.0.14/build
      Start  1: regression
 1/57 Test  #1: regression .......................***Exception: SegFault  0.12 sec
      Start  2: parser-0
 2/57 Test  #2: parser-0 .........................   Passed    0.00 sec
      Start  3: parser-1-1
 3/57 Test  #3: parser-1-1 .......................   Passed    0.00 sec
      Start  4: parser-1
 4/57 Test  #4: parser-1 .........................   Passed    0.00 sec
      Start  5: parser-2
 5/57 Test  #5: parser-2 .........................   Passed    0.00 sec
      Start  6: parser-2445
 6/57 Test  #6: parser-2445 ......................   Passed    0.00 sec
      Start  7: parser-2446
 7/57 Test  #7: parser-2446 ......................   Passed    0.00 sec
      Start  8: parser-3
 8/57 Test  #8: parser-3 .........................   Passed    0.00 sec
      Start  9: parser-4
 9/57 Test  #9: parser-4 .........................   Passed    0.00 sec
      Start 10: parser-5
10/57 Test #10: parser-5 .........................   Passed    0.00 sec
      Start 11: parser-6
11/57 Test #11: parser-6 .........................   Passed    0.00 sec
      Start 12: parser-7
12/57 Test #12: parser-7 .........................   Passed    0.00 sec
      Start 13: parser-8
13/57 Test #13: parser-8 .........................   Passed    0.00 sec
      Start 14: parser-calendar
14/57 Test #14: parser-calendar ..................   Passed    0.00 sec
      Start 15: parser-caltime
15/57 Test #15: parser-caltime ...................   Passed    0.00 sec
      Start 16: parser-classify
16/57 Test #16: parser-classify ..................   Passed    0.00 sec
      Start 17: parser-crash
17/57 Test #17: parser-crash .....................   Passed    0.00 sec
      Start 18: parser-get_char_test
18/57 Test #18: parser-get_char_test .............   Passed    0.01 sec
      Start 19: parser-incoming
19/57 Test #19: parser-incoming ..................   Passed    0.00 sec
      Start 20: parser-issue250
20/57 Test #20: parser-issue250 ..................   Passed    0.00 sec
      Start 21: parser-issue251
21/57 Test #21: parser-issue251 ..................   Passed    0.00 sec
      Start 22: parser-issue252
22/57 Test #22: parser-issue252 ..................   Passed    0.00 sec
      Start 23: parser-issue253
23/57 Test #23: parser-issue253 ..................   Passed    0.00 sec
      Start 24: parser-issue339
24/57 Test #24: parser-issue339 ..................   Passed    0.00 sec
      Start 25: parser-large
25/57 Test #25: parser-large .....................   Passed    0.11 sec
      Start 26: parser-malloc
26/57 Test #26: parser-malloc ....................   Passed    0.00 sec
      Start 27: parser-overlaps
27/57 Test #27: parser-overlaps ..................   Passed    0.00 sec
      Start 28: parser-process-calendar
28/57 Test #28: parser-process-calendar ..........   Passed    0.00 sec
      Start 29: parser-process-incoming
29/57 Test #29: parser-process-incoming ..........   Passed    0.00 sec
      Start 30: parser-recur-errors
30/57 Test #30: parser-recur-errors ..............   Passed    0.00 sec
      Start 31: parser-restriction
31/57 Test #31: parser-restriction ...............   Passed    0.00 sec
      Start 32: parser-smallcluster
32/57 Test #32: parser-smallcluster ..............   Passed    0.00 sec
      Start 33: parser-spanlist
33/57 Test #33: parser-spanlist ..................   Passed    0.00 sec
      Start 34: parser-stresstest
34/57 Test #34: parser-stresstest ................   Passed    0.00 sec
      Start 35: parser-zday
35/57 Test #35: parser-zday ......................   Passed    0.00 sec
      Start 36: recur
36/57 Test #36: recur ............................   Passed    0.03 sec
      Start 37: icaltm_test
37/57 Test #37: icaltm_test ......................   Passed    0.00 sec
      Start 38: testmime
38/57 Test #38: testmime .........................   Passed    0.00 sec
      Start 39: testvcal
39/57 Test #39: testvcal .........................   Passed    0.00 sec
      Start 40: process
40/57 Test #40: process ..........................   Passed    0.00 sec
      Start 41: timezones
41/57 Test #41: timezones ........................   Passed    0.00 sec
      Start 42: builtin_timezones
42/57 Test #42: builtin_timezones ................***Failed    0.00 sec
      Start 43: icalrecurtest-r
43/57 Test #43: icalrecurtest-r ..................   Passed    0.11 sec
      Start 44: icalrecurtest
44/57 Test #44: icalrecurtest ....................   Passed    0.02 sec
      Start 45: libical-glib-array
45/57 Test #45: libical-glib-array ...............***Failed    0.01 sec
      Start 46: libical-glib-attach
46/57 Test #46: libical-glib-attach ..............***Failed    0.01 sec
      Start 47: libical-glib-component
47/57 Test #47: libical-glib-component ...........***Failed    0.02 sec
      Start 48: libical-glib-comprehensive
48/57 Test #48: libical-glib-comprehensive .......***Failed    0.01 sec
      Start 49: libical-glib-duration
49/57 Test #49: libical-glib-duration ............***Failed    0.01 sec
      Start 50: libical-glib-error
50/57 Test #50: libical-glib-error ...............***Failed    0.02 sec
      Start 51: libical-glib-misc
51/57 Test #51: libical-glib-misc ................***Failed    0.01 sec
      Start 52: libical-glib-parameter
52/57 Test #52: libical-glib-parameter ...........***Failed    0.01 sec
      Start 53: libical-glib-period
53/57 Test #53: libical-glib-period ..............***Failed    0.01 sec
      Start 54: libical-glib-property
54/57 Test #54: libical-glib-property ............***Failed    0.01 sec
      Start 55: libical-glib-recurrence
55/57 Test #55: libical-glib-recurrence ..........***Failed    0.02 sec
      Start 56: libical-glib-timezone
56/57 Test #56: libical-glib-timezone ............***Failed    0.02 sec
      Start 57: libical-glib-value
57/57 Test #57: libical-glib-value ...............***Failed    0.01 sec

74% tests passed, 15 tests failed out of 57

Total Test time (real) =   0.69 sec

The following tests FAILED:
	  1 - regression (SEGFAULT)
	 42 - builtin_timezones (Failed)
	 45 - libical-glib-array (Failed)
	 46 - libical-glib-attach (Failed)
	 47 - libical-glib-component (Failed)
	 48 - libical-glib-comprehensive (Failed)
	 49 - libical-glib-duration (Failed)
	 50 - libical-glib-error (Failed)
	 51 - libical-glib-misc (Failed)
	 52 - libical-glib-parameter (Failed)
	 53 - libical-glib-period (Failed)
	 54 - libical-glib-property (Failed)
	 55 - libical-glib-recurrence (Failed)
	 56 - libical-glib-timezone (Failed)
	 57 - libical-glib-value (Failed)
FAILED: CMakeFiles/test.util 
cd /usr/oppai/library/libical-3.0.14/build && /usr/bin/ctest --force-new-ctest-process
ninja: build stopped: subcommand failed.
